2025-01-09 17:05:14,448 - INFO - 查询所有数据: 0 条记录
2025-01-09 17:05:26,886 - INFO - 查询所有数据: 0 条记录
2025-01-09 17:07:45,901 - INFO - 查询所有数据: 0 条记录
2025-01-09 17:07:53,178 - INFO - 查询所有数据: 0 条记录
2025-01-09 17:08:14,250 - INFO - 新增数据: {'名称': '电脑', '价格': 3200.0, '有货': True, '录入日期': datetime.date(2025, 1, 9), '录入时间': '17:07:53', '备注': '无'}
2025-01-09 17:08:16,749 - INFO - 查询所有数据: 1 条记录
2025-01-09 17:08:27,636 - INFO - 查询所有数据: 1 条记录
2025-01-09 17:08:34,511 - INFO - 查询所有数据: 1 条记录
2025-01-09 17:08:38,822 - INFO - 查询所有数据: 1 条记录
2025-01-09 17:08:45,737 - INFO - 查询所有数据: 1 条记录
2025-01-09 17:08:48,140 - INFO - 查询所有数据: 1 条记录
2025-01-09 17:17:37,830 - INFO - 查询所有数据: 1 条记录
2025-01-09 17:20:06,772 - INFO - 查询所有数据: 1 条记录
2025-01-09 17:20:08,499 - INFO - 查询所有数据: 1 条记录
2025-01-09 17:20:10,575 - INFO - 查询所有数据: 1 条记录
2025-01-09 17:20:59,708 - INFO - 查询所有数据: 1 条记录
2025-01-09 17:21:06,650 - INFO - 查询所有数据: 1 条记录
2025-01-09 17:22:07,219 - INFO - 新增数据: {'名称': '手机', '价格': 2500.0, '有货': False, '录入日期': datetime.date(2025, 1, 9), '录入时间': '17:21:06', '备注': '无'}
2025-01-09 17:22:11,019 - INFO - 查询所有数据: 2 条记录
2025-01-09 17:24:18,920 - INFO - 查询所有数据: 2 条记录
2025-01-09 17:24:47,070 - INFO - 新增数据: {'名称': '矿泉水', '价格': 2.0, '有货': True, '录入日期': datetime.date(2025, 1, 9), '录入时间': '17:24:18', '备注': '无'}
2025-01-09 17:24:58,868 - INFO - 查询所有数据: 3 条记录
2025-01-09 17:25:05,615 - INFO - 查询所有数据: 3 条记录
2025-01-09 17:30:37,206 - INFO - 查询所有数据: 3 条记录
2025-01-09 17:30:38,841 - INFO - 查询所有数据: 3 条记录
2025-01-09 17:31:21,954 - INFO - 查询所有数据: 3 条记录
2025-01-09 17:31:31,648 - INFO - 查询所有数据: 3 条记录
2025-01-09 17:31:47,727 - INFO - 查询所有数据: 3 条记录
2025-01-09 17:31:53,186 - INFO - 查询所有数据: 3 条记录
2025-01-09 17:32:24,371 - INFO - 查询所有数据: 3 条记录
2025-01-09 17:32:30,394 - INFO - 查询所有数据: 3 条记录
2025-01-09 17:32:58,897 - INFO - 查询所有数据: 3 条记录
2025-01-09 17:32:59,730 - INFO - 查询所有数据: 3 条记录
2025-01-09 17:33:14,866 - INFO - 查询所有数据: 3 条记录
2025-01-09 17:33:58,333 - INFO - 查询所有数据: 3 条记录
2025-01-09 17:34:00,198 - INFO - 查询所有数据: 3 条记录
2025-01-09 17:37:22,598 - INFO - 查询所有数据: 3 条记录
2025-01-09 17:37:28,499 - INFO - 更新数据: ID 2, 新数据: {'名称': '手机', '价格': 2500.0, '有货': True, '录入日期': datetime.date(2025, 1, 9), '录入时间': '17:21:06', '备注': '无'}
2025-01-09 17:37:30,083 - INFO - 查询所有数据: 3 条记录
2025-01-09 17:37:43,694 - INFO - 查询所有数据: 3 条记录
2025-01-09 17:37:46,439 - INFO - 查询所有数据: 3 条记录
2025-01-09 17:37:48,310 - INFO - 查询所有数据: 3 条记录
2025-01-09 17:37:51,400 - INFO - 查询所有数据: 3 条记录
2025-01-09 17:37:56,805 - INFO - 查询所有数据: 3 条记录
2025-01-09 17:37:58,960 - INFO - 查询所有数据: 3 条记录
2025-01-09 17:38:07,865 - INFO - 查询所有数据: 3 条记录
2025-01-09 17:38:13,547 - INFO - 查询所有数据: 3 条记录
2025-01-09 17:40:59,996 - INFO - 查询所有数据: 3 条记录
2025-01-09 17:41:10,448 - INFO - 查询所有数据: 3 条记录
2025-01-09 17:41:24,480 - INFO - 新增数据: {'名称': '饼干', '价格': 15.0, '有货': True, '录入日期': datetime.date(2025, 1, 9), '录入时间': '17:41:10', '备注': '无'}
2025-01-09 17:41:27,081 - INFO - 查询所有数据: 4 条记录
2025-01-09 17:46:59,974 - INFO - 查询所有数据: 4 条记录
2025-01-09 17:47:01,188 - INFO - 查询所有数据: 4 条记录
2025-01-09 17:58:52,442 - INFO - 查询所有数据: 4 条记录
2025-01-09 17:58:54,220 - INFO - 查询所有数据: 4 条记录
2025-01-09 17:59:06,171 - INFO - 新增数据: {'名称': '羽绒服', '价格': 350.0, '有货': True, '录入日期': datetime.date(2025, 1, 9), '录入时间': '17:58:54', '备注': '无'}
2025-01-09 17:59:09,357 - INFO - 查询所有数据: 5 条记录
2025-01-09 18:03:55,133 - INFO - 查询所有数据: 5 条记录
2025-01-09 18:03:58,239 - INFO - 查询所有数据: 5 条记录
2025-01-09 18:03:59,860 - INFO - 查询所有数据: 5 条记录
2025-01-09 18:04:01,485 - INFO - 查询所有数据: 5 条记录
2025-01-09 18:04:51,390 - INFO - 新增数据: {'名称': '草莓', '价格': 30.0, '有货': True, '录入日期': datetime.date(2025, 1, 9), '录入时间': '18:04:01', '备注': '无'}
2025-01-09 18:04:59,611 - INFO - 查询所有数据: 6 条记录
2025-01-09 18:05:13,352 - INFO - 查询所有数据: 6 条记录
2025-01-09 18:05:37,029 - INFO - 新增数据: {'名称': '苹果', '价格': 12.0, '有货': True, '录入日期': datetime.date(2025, 1, 9), '录入时间': '18:05:13', '备注': '无'}
2025-01-09 18:07:00,307 - INFO - 查询所有数据: 7 条记录
2025-01-09 18:07:56,415 - INFO - 新增数据: {'名称': '玩具车', '价格': 320.0, '有货': True, '录入日期': datetime.date(2025, 1, 9), '录入时间': '18:07:00', '备注': '无'}
2025-01-09 18:08:00,848 - INFO - 查询所有数据: 8 条记录
2025-01-09 18:08:34,796 - INFO - 新增数据: {'名称': '沙发', '价格': 3300.0, '有货': True, '录入日期': datetime.date(2025, 1, 9), '录入时间': '18:08:00', '备注': '无'}
2025-01-09 18:08:37,350 - INFO - 查询所有数据: 9 条记录
2025-01-09 18:09:30,643 - INFO - 新增数据: {'名称': '休闲裤', '价格': 130.0, '有货': True, '录入日期': datetime.date(2025, 1, 9), '录入时间': '18:08:37', '备注': '无'}
2025-01-09 18:09:34,251 - INFO - 查询所有数据: 10 条记录
2025-01-09 18:09:52,021 - INFO - 新增数据: {'名称': '猪肉', '价格': 25.0, '有货': True, '录入日期': datetime.date(2025, 1, 9), '录入时间': '18:09:34', '备注': '无'}
2025-01-09 18:09:54,943 - INFO - 查询所有数据: 11 条记录
2025-01-09 18:10:10,086 - INFO - 新增数据: {'名称': '菜心', '价格': 4.5, '有货': True, '录入日期': datetime.date(2025, 1, 9), '录入时间': '18:09:54', '备注': '无'}
2025-01-09 18:10:18,084 - INFO - 查询所有数据: 12 条记录
2025-01-09 18:10:18,210 - INFO - 查询所有数据: 12 条记录
2025-01-09 18:10:19,478 - INFO - 查询所有数据: 12 条记录
2025-01-09 18:10:19,588 - INFO - 查询所有数据: 12 条记录
2025-01-09 18:10:22,163 - INFO - 查询所有数据: 12 条记录
2025-01-09 18:10:22,287 - INFO - 查询所有数据: 12 条记录
2025-01-09 18:10:25,179 - INFO - 查询所有数据: 12 条记录
2025-01-09 18:10:25,333 - INFO - 查询所有数据: 12 条记录
2025-01-09 18:10:27,637 - INFO - 查询所有数据: 12 条记录
2025-01-09 18:10:27,747 - INFO - 查询所有数据: 12 条记录
2025-01-09 18:10:28,895 - INFO - 查询所有数据: 12 条记录
2025-01-09 18:10:29,013 - INFO - 查询所有数据: 12 条记录
2025-01-09 18:10:32,744 - INFO - 查询所有数据: 12 条记录
2025-01-09 18:10:42,188 - INFO - 更新数据: ID 5, 新数据: {'名称': '羽绒服', '价格': 350.0, '有货': False, '录入日期': datetime.date(2025, 1, 9), '录入时间': '17:58:54', '备注': '无'}
2025-01-09 18:10:45,149 - INFO - 查询所有数据: 12 条记录
2025-01-09 18:10:45,268 - INFO - 查询所有数据: 12 条记录
2025-01-09 18:10:46,175 - INFO - 查询所有数据: 12 条记录
2025-01-09 18:10:46,282 - INFO - 查询所有数据: 12 条记录
2025-01-09 18:11:26,097 - INFO - 查询所有数据: 12 条记录
2025-01-09 18:11:26,267 - INFO - 查询所有数据: 12 条记录
2025-01-09 18:11:29,941 - INFO - 查询所有数据: 12 条记录
2025-01-09 18:11:30,048 - INFO - 查询所有数据: 12 条记录
2025-01-09 18:11:32,887 - INFO - 查询所有数据: 12 条记录
2025-01-09 18:11:33,009 - INFO - 查询所有数据: 12 条记录
2025-01-09 18:11:34,216 - INFO - 查询所有数据: 12 条记录
2025-01-09 18:11:34,318 - INFO - 查询所有数据: 12 条记录
2025-01-09 18:11:37,017 - INFO - 查询所有数据: 12 条记录
2025-01-09 18:11:39,678 - INFO - 查询所有数据: 12 条记录
2025-01-09 18:47:20,699 - INFO - 查询所有数据: 12 条记录
2025-01-09 18:53:41,915 - INFO - 查询所有数据: 12 条记录
2025-01-09 18:53:44,036 - INFO - 查询所有数据: 12 条记录
2025-01-09 18:54:39,997 - INFO - 查询所有数据: 12 条记录
2025-01-09 18:54:50,581 - INFO - 查询所有数据: 12 条记录
2025-01-09 18:54:52,162 - INFO - 查询所有数据: 12 条记录
2025-01-09 18:55:55,310 - INFO - 查询所有数据: 12 条记录
2025-01-09 18:55:56,656 - INFO - 查询所有数据: 12 条记录
2025-01-09 18:57:11,706 - INFO - 查询所有数据: 12 条记录
2025-01-09 18:57:13,168 - INFO - 查询所有数据: 12 条记录
2025-01-09 18:58:00,498 - INFO - 查询所有数据: 12 条记录
2025-01-09 18:58:02,406 - INFO - 查询所有数据: 12 条记录
2025-01-09 18:58:09,877 - INFO - 查询所有数据: 12 条记录
2025-01-09 18:58:26,220 - INFO - 查询所有数据: 12 条记录
2025-01-09 18:58:32,240 - INFO - 查询所有数据: 12 条记录
2025-01-09 18:58:44,384 - INFO - 查询所有数据: 12 条记录
2025-01-09 18:58:46,417 - INFO - 查询所有数据: 12 条记录
2025-01-09 18:58:48,973 - INFO - 查询所有数据: 12 条记录
2025-01-09 19:00:20,993 - INFO - 查询所有数据: 12 条记录
2025-01-09 19:00:22,189 - INFO - 查询所有数据: 12 条记录
2025-01-09 19:00:26,373 - INFO - 查询所有数据: 12 条记录
2025-01-09 19:00:42,832 - INFO - 查询所有数据: 12 条记录
2025-01-09 19:00:45,336 - INFO - 查询所有数据: 12 条记录
2025-01-09 19:00:49,782 - INFO - 查询所有数据: 12 条记录
2025-01-09 19:06:23,544 - INFO - 查询所有数据: 12 条记录
2025-01-09 19:08:48,005 - INFO - 查询所有数据: 12 条记录
2025-01-09 19:08:49,328 - INFO - 查询所有数据: 12 条记录
2025-01-09 19:11:19,110 - INFO - 查询所有数据: 12 条记录
2025-01-09 19:11:20,369 - INFO - 查询所有数据: 12 条记录
2025-01-09 19:12:01,449 - INFO - 查询所有数据: 12 条记录
2025-01-09 19:12:02,579 - INFO - 查询所有数据: 12 条记录
2025-01-09 19:15:40,201 - INFO - 查询所有数据: 12 条记录
2025-01-09 19:15:41,361 - INFO - 查询所有数据: 12 条记录
2025-01-09 19:16:22,196 - INFO - 查询所有数据: 12 条记录
2025-01-09 19:16:23,714 - INFO - 查询所有数据: 12 条记录
2025-01-09 19:18:24,627 - INFO - 查询所有数据: 12 条记录
2025-01-09 19:18:26,428 - INFO - 查询所有数据: 12 条记录
2025-01-09 20:10:15,651 - INFO - 查询所有数据: 12 条记录
2025-01-09 20:10:18,309 - INFO - 查询所有数据: 12 条记录
2025-01-09 20:10:44,791 - INFO - 查询所有数据: 12 条记录
2025-01-09 20:10:44,917 - INFO - 查询所有数据: 12 条记录
2025-01-09 20:10:46,370 - INFO - 查询所有数据: 12 条记录
2025-01-09 20:10:46,477 - INFO - 查询所有数据: 12 条记录
2025-01-09 20:10:49,182 - INFO - 查询所有数据: 12 条记录
2025-01-09 20:11:05,784 - INFO - 新增数据: {'名称': '铅笔', '价格': 1.0, '有货': True, '录入日期': datetime.date(2025, 1, 9), '录入时间': '20:10:49', '备注': '无'}
2025-01-09 20:11:09,141 - INFO - 查询所有数据: 13 条记录
2025-01-09 20:11:09,280 - INFO - 查询所有数据: 13 条记录
2025-01-09 20:11:17,343 - INFO - 查询所有数据: 13 条记录
2025-01-09 20:35:01,925 - INFO - 查询所有数据: 13 条记录
2025-01-09 20:35:03,184 - INFO - 查询所有数据: 13 条记录
2025-01-09 20:44:34,638 - INFO - 查询所有数据: 13 条记录
2025-01-09 20:44:36,202 - INFO - 查询所有数据: 13 条记录
2025-01-09 20:45:11,711 - INFO - 查询所有数据: 13 条记录
2025-01-09 20:45:12,910 - INFO - 查询所有数据: 13 条记录
2025-01-09 20:45:30,746 - INFO - 查询所有数据: 13 条记录
2025-01-09 20:45:32,119 - INFO - 查询所有数据: 13 条记录
2025-01-09 20:46:32,694 - INFO - 查询所有数据: 13 条记录
2025-01-09 20:46:33,795 - INFO - 查询所有数据: 13 条记录
2025-01-09 20:46:57,988 - INFO - 查询所有数据: 13 条记录
2025-01-09 20:47:18,781 - INFO - 查询所有数据: 13 条记录
2025-01-09 20:47:26,016 - INFO - 查询所有数据: 13 条记录
2025-01-09 20:49:52,214 - INFO - 查询所有数据: 13 条记录
2025-01-09 20:49:53,395 - INFO - 查询所有数据: 13 条记录
2025-01-09 20:50:00,398 - INFO - 查询所有数据: 13 条记录
2025-01-09 20:50:40,333 - INFO - 查询所有数据: 13 条记录
2025-01-09 20:50:50,323 - INFO - 查询所有数据: 13 条记录
2025-01-09 20:53:22,235 - INFO - 查询所有数据: 13 条记录
2025-01-09 20:53:24,778 - INFO - 查询所有数据: 13 条记录
2025-01-09 20:55:02,889 - INFO - 查询所有数据: 13 条记录
2025-01-09 20:55:05,443 - INFO - 查询所有数据: 13 条记录
2025-01-09 20:55:34,100 - INFO - 查询所有数据: 13 条记录
2025-01-09 20:55:38,334 - INFO - 查询所有数据: 13 条记录
2025-01-09 20:56:18,024 - INFO - 查询所有数据: 13 条记录
2025-01-09 20:56:19,611 - INFO - 查询所有数据: 13 条记录
2025-01-09 20:56:59,445 - INFO - 查询所有数据: 13 条记录
2025-01-09 20:57:28,936 - INFO - 查询所有数据: 13 条记录
2025-01-09 20:57:36,711 - INFO - 查询所有数据: 13 条记录
2025-01-09 20:59:55,322 - INFO - 查询所有数据: 13 条记录
2025-01-09 20:59:56,684 - INFO - 查询所有数据: 13 条记录
2025-01-09 21:14:08,893 - INFO - 查询所有数据: 13 条记录
2025-01-09 21:15:11,478 - INFO - 查询所有数据: 13 条记录
2025-01-09 21:15:17,029 - INFO - 查询所有数据: 13 条记录
2025-01-09 21:15:23,887 - INFO - 查询所有数据: 13 条记录
2025-01-09 21:15:41,615 - INFO - 查询所有数据: 13 条记录
2025-01-09 21:16:00,414 - INFO - 查询所有数据: 13 条记录
2025-01-09 21:16:35,666 - INFO - 查询所有数据: 13 条记录
2025-01-09 21:17:46,109 - INFO - 查询所有数据: 13 条记录
2025-01-09 21:17:55,527 - INFO - 查询所有数据: 13 条记录
2025-01-09 21:18:53,939 - INFO - 查询所有数据: 13 条记录
2025-01-09 21:20:19,619 - INFO - 查询所有数据: 13 条记录
2025-01-09 21:21:01,945 - INFO - 查询所有数据: 13 条记录
2025-01-09 21:21:04,624 - INFO - 查询所有数据: 13 条记录
2025-01-09 21:21:52,325 - INFO - 查询所有数据: 13 条记录
2025-01-09 21:22:40,996 - INFO - 查询所有数据: 13 条记录
2025-01-09 21:23:14,895 - INFO - 查询所有数据: 13 条记录
2025-01-09 21:24:06,007 - INFO - 查询所有数据: 13 条记录
2025-01-09 21:24:32,082 - INFO - 查询所有数据: 13 条记录
2025-01-09 21:25:24,390 - INFO - 查询所有数据: 13 条记录
2025-01-09 21:25:26,161 - INFO - 查询所有数据: 13 条记录
2025-01-09 21:25:45,436 - INFO - 新增数据: {'名称': '水壶', '价格': 85.0, '有货': True, '录入日期': datetime.date(2025, 1, 9), '录入时间': '21:25:26', '备注': '无'}
2025-01-09 21:25:55,701 - INFO - 查询所有数据: 14 条记录
2025-01-09 21:26:03,781 - INFO - 查询所有数据: 14 条记录
2025-01-09 21:26:03,902 - INFO - 查询所有数据: 14 条记录
2025-01-09 21:26:07,858 - INFO - 查询所有数据: 14 条记录
2025-01-09 21:26:07,974 - INFO - 查询所有数据: 14 条记录
2025-01-09 21:26:08,931 - INFO - 查询所有数据: 14 条记录
2025-01-09 21:26:20,625 - INFO - 更新数据: ID 2, 新数据: {'名称': '手机', '价格': 2800.0, '有货': True, '录入日期': datetime.date(2025, 1, 9), '录入时间': '17:21:06', '备注': '无'}
2025-01-09 21:26:27,245 - INFO - 查询所有数据: 14 条记录
2025-01-09 21:27:04,918 - INFO - 查询所有数据: 14 条记录
2025-01-09 21:27:07,407 - INFO - 查询所有数据: 14 条记录
2025-01-09 21:27:08,596 - INFO - 查询所有数据: 14 条记录
2025-01-09 21:27:13,688 - INFO - 删除数据: ID 2,被删除数据：名称='手机' 录入日期=datetime.date(2025, 1, 9) 有货=True id=2 价格=2800.0 录入时间='17:21:06' 备注='无'
2025-01-09 21:27:17,091 - INFO - 查询所有数据: 13 条记录
2025-01-09 21:27:30,185 - INFO - 查询所有数据: 13 条记录
2025-01-09 21:27:32,412 - INFO - 查询所有数据: 13 条记录
2025-01-09 21:27:40,865 - INFO - 查询所有数据: 13 条记录
2025-01-09 21:28:00,007 - INFO - 查询所有数据: 13 条记录
2025-01-09 21:28:01,846 - INFO - 查询所有数据: 13 条记录
2025-01-09 21:28:06,568 - INFO - 查询所有数据: 13 条记录
2025-01-09 21:28:10,403 - INFO - 查询所有数据: 13 条记录
2025-01-09 21:28:13,056 - INFO - 查询所有数据: 13 条记录
2025-01-09 21:28:15,696 - INFO - 查询所有数据: 13 条记录
2025-01-09 21:28:17,260 - INFO - 查询所有数据: 13 条记录
2025-01-09 21:28:20,601 - INFO - 查询所有数据: 13 条记录
2025-01-09 21:28:29,124 - INFO - 查询所有数据: 13 条记录
2025-01-09 21:28:32,072 - INFO - 更新数据: ID 1, 新数据: {'名称': '电脑', '价格': 3200.0, '有货': False, '录入日期': datetime.date(2025, 1, 9), '录入时间': '17:07:53', '备注': '无'}
2025-01-09 21:28:34,245 - INFO - 查询所有数据: 13 条记录
2025-01-09 21:28:37,973 - INFO - 查询所有数据: 13 条记录
2025-01-09 21:28:38,099 - INFO - 查询所有数据: 13 条记录
2025-01-09 21:28:41,157 - INFO - 查询所有数据: 13 条记录
2025-01-09 21:28:41,268 - INFO - 查询所有数据: 13 条记录
2025-01-09 21:33:47,849 - INFO - 查询所有数据: 13 条记录
2025-01-09 21:33:49,816 - INFO - 查询所有数据: 13 条记录
2025-01-09 21:34:01,102 - WARNING - 删除数据: ID 14,被删除数据：有货=True 名称='水壶' id=14 录入日期=datetime.date(2025, 1, 9) 价格=85.0 录入时间='21:25:26' 备注='无'
2025-01-09 21:34:07,721 - INFO - 查询所有数据: 12 条记录
2025-01-09 21:34:07,880 - INFO - 查询所有数据: 12 条记录
2025-01-09 21:34:09,993 - INFO - 查询所有数据: 12 条记录
2025-01-09 21:34:10,106 - INFO - 查询所有数据: 12 条记录
